#! /usr/bin/vvp
:ivl_version "10.3 (stable)";
:ivl_delay_selection "TYPICAL";
:vpi_time_precision + 0;
:vpi_module "system";
:vpi_module "vhdl_sys";
:vpi_module "v2005_math";
:vpi_module "va_math";
S_0x562fee8ad8d0 .scope module, "map9v3_tb" "map9v3_tb" 2 1;
 .timescale 0 0;
v0x562fee8c8f60_0 .var "N", 8 0;
v0x562fee8c9040_0 .var "clock", 0 0;
v0x562fee8c9110_0 .net "counter", 7 0, v0x562fee8c8790_0;  1 drivers
v0x562fee8c9210_0 .net "done", 0 0, v0x562fee8c8850_0;  1 drivers
v0x562fee8c92e0_0 .net "dp", 8 0, v0x562fee8c8910_0;  1 drivers
v0x562fee8c9380_0 .var "reset", 0 0;
v0x562fee8c9450_0 .net "sr", 7 0, v0x562fee8c8b00_0;  1 drivers
v0x562fee8c9520_0 .var "start", 0 0;
S_0x562fee8ada50 .scope module, "map9v3_inst" "map9v3" 2 29, 3 11 0, S_0x562fee8ad8d0;
 .timescale 0 0;
    .port_info 0 /INPUT 1 "clock"
    .port_info 1 /INPUT 1 "reset"
    .port_info 2 /INPUT 1 "start"
    .port_info 3 /INPUT 9 "N"
    .port_info 4 /OUTPUT 9 "dp"
    .port_info 5 /OUTPUT 1 "done"
    .port_info 6 /OUTPUT 8 "counter"
    .port_info 7 /OUTPUT 8 "sr"
P_0x562fee86f030 .param/l "ALMOSTDONE" 0 3 32, C4<010>;
P_0x562fee86f070 .param/l "DONE" 0 3 33, C4<011>;
P_0x562fee86f0b0 .param/l "INIT" 0 3 30, C4<000>;
P_0x562fee86f0f0 .param/l "RUN" 0 3 31, C4<001>;
P_0x562fee86f130 .param/l "WAIT" 0 3 34, C4<100>;
v0x562fee89afd0_0 .net "N", 8 0, v0x562fee8c8f60_0;  1 drivers
v0x562fee8c86d0_0 .net "clock", 0 0, v0x562fee8c9040_0;  1 drivers
v0x562fee8c8790_0 .var "counter", 7 0;
v0x562fee8c8850_0 .var "done", 0 0;
v0x562fee8c8910_0 .var "dp", 8 0;
v0x562fee8c8a40_0 .net "reset", 0 0, v0x562fee8c9380_0;  1 drivers
v0x562fee8c8b00_0 .var "sr", 7 0;
v0x562fee8c8be0_0 .net "start", 0 0, v0x562fee8c9520_0;  1 drivers
v0x562fee8c8ca0_0 .var "startbuf", 1 0;
v0x562fee8c8d80_0 .var "state", 2 0;
E_0x562fee8a52e0 .event posedge, v0x562fee8c8a40_0, v0x562fee8c86d0_0;
    .scope S_0x562fee8ada50;
T_0 ;
    %wait E_0x562fee8a52e0;
    %load/vec4 v0x562fee8c8a40_0;
    %pad/u 32;
    %cmpi/e 1, 0, 32;
    %jmp/0xz  T_0.0, 4;
    %pushi/vec4 0, 0, 9;
    %assign/vec4 v0x562fee8c8910_0, 0;
    %pushi/vec4 0, 0, 8;
    %assign/vec4 v0x562fee8c8b00_0, 0;
    %pushi/vec4 0, 0, 8;
    %assign/vec4 v0x562fee8c8790_0, 0;
    %pushi/vec4 0, 0, 2;
    %assign/vec4 v0x562fee8c8ca0_0, 0;
    %pushi/vec4 0, 0, 1;
    %assign/vec4 v0x562fee8c8850_0, 0;
    %pushi/vec4 0, 0, 3;
    %assign/vec4 v0x562fee8c8d80_0, 0;
    %jmp T_0.1;
T_0.0 ;
    %load/vec4 v0x562fee8c8d80_0;
    %cmpi/e 0, 0, 3;
    %jmp/0xz  T_0.2, 4;
    %pushi/vec4 255, 0, 9;
    %load/vec4 v0x562fee89afd0_0;
    %parti/s 8, 1, 2;
    %pad/u 9;
    %sub;
    %addi 3, 0, 9;
    %pad/u 8;
    %assign/vec4 v0x562fee8c8790_0, 0;
    %pushi/vec4 0, 0, 8;
    %assign/vec4 v0x562fee8c8b00_0, 0;
    %pushi/vec4 0, 0, 1;
    %assign/vec4 v0x562fee8c8850_0, 0;
    %pushi/vec4 1, 0, 3;
    %assign/vec4 v0x562fee8c8d80_0, 0;
    %jmp T_0.3;
T_0.2 ;
    %load/vec4 v0x562fee8c8d80_0;
    %cmpi/e 1, 0, 3;
    %jmp/0xz  T_0.4, 4;
    %load/vec4 v0x562fee8c8b00_0;
    %parti/s 1, 6, 4;
    %ix/load 4, 7, 0;
    %ix/load 5, 0, 0;
    %flag_set/imm 4, 0;
    %assign/vec4/off/d v0x562fee8c8b00_0, 4, 5;
    %load/vec4 v0x562fee8c8b00_0;
    %parti/s 1, 5, 4;
    %ix/load 4, 6, 0;
    %ix/load 5, 0, 0;
    %flag_set/imm 4, 0;
    %assign/vec4/off/d v0x562fee8c8b00_0, 4, 5;
    %load/vec4 v0x562fee8c8b00_0;
    %parti/s 1, 4, 4;
    %ix/load 4, 5, 0;
    %ix/load 5, 0, 0;
    %flag_set/imm 4, 0;
    %assign/vec4/off/d v0x562fee8c8b00_0, 4, 5;
    %load/vec4 v0x562fee8c8b00_0;
    %parti/s 1, 3, 3;
    %ix/load 4, 4, 0;
    %ix/load 5, 0, 0;
    %flag_set/imm 4, 0;
    %assign/vec4/off/d v0x562fee8c8b00_0, 4, 5;
    %load/vec4 v0x562fee8c8b00_0;
    %parti/s 1, 2, 3;
    %ix/load 4, 3, 0;
    %ix/load 5, 0, 0;
    %flag_set/imm 4, 0;
    %assign/vec4/off/d v0x562fee8c8b00_0, 4, 5;
    %load/vec4 v0x562fee8c8b00_0;
    %parti/s 1, 1, 2;
    %ix/load 4, 2, 0;
    %ix/load 5, 0, 0;
    %flag_set/imm 4, 0;
    %assign/vec4/off/d v0x562fee8c8b00_0, 4, 5;
    %load/vec4 v0x562fee8c8b00_0;
    %parti/s 1, 0, 2;
    %ix/load 4, 1, 0;
    %ix/load 5, 0, 0;
    %flag_set/imm 4, 0;
    %assign/vec4/off/d v0x562fee8c8b00_0, 4, 5;
    %load/vec4 v0x562fee8c8b00_0;
    %parti/s 1, 7, 4;
    %load/vec4 v0x562fee8c8b00_0;
    %parti/s 1, 5, 4;
    %xor;
    %load/vec4 v0x562fee8c8b00_0;
    %parti/s 1, 4, 4;
    %xor;
    %load/vec4 v0x562fee8c8b00_0;
    %parti/s 1, 3, 3;
    %xor;
    %inv;
    %ix/load 4, 0, 0;
    %ix/load 5, 0, 0;
    %flag_set/imm 4, 0;
    %assign/vec4/off/d v0x562fee8c8b00_0, 4, 5;
    %load/vec4 v0x562fee8c8790_0;
    %subi 1, 0, 8;
    %assign/vec4 v0x562fee8c8790_0, 0;
    %load/vec4 v0x562fee8c8790_0;
    %pad/u 32;
    %cmpi/e 0, 0, 32;
    %jmp/0xz  T_0.6, 4;
    %pushi/vec4 2, 0, 3;
    %assign/vec4 v0x562fee8c8d80_0, 0;
T_0.6 ;
    %jmp T_0.5;
T_0.4 ;
    %load/vec4 v0x562fee8c8d80_0;
    %cmpi/e 2, 0, 3;
    %jmp/0xz  T_0.8, 4;
    %load/vec4 v0x562fee89afd0_0;
    %parti/s 1, 0, 2;
    %ix/load 4, 0, 0;
    %ix/load 5, 0, 0;
    %flag_set/imm 4, 0;
    %assign/vec4/off/d v0x562fee8c8910_0, 4, 5;
    %load/vec4 v0x562fee8c8b00_0;
    %ix/load 4, 1, 0;
    %ix/load 5, 0, 0;
    %flag_set/imm 4, 0;
    %assign/vec4/off/d v0x562fee8c8910_0, 4, 5;
    %pushi/vec4 3, 0, 3;
    %assign/vec4 v0x562fee8c8d80_0, 0;
    %jmp T_0.9;
T_0.8 ;
    %load/vec4 v0x562fee8c8d80_0;
    %cmpi/e 3, 0, 3;
    %jmp/0xz  T_0.10, 4;
    %pushi/vec4 1, 0, 1;
    %assign/vec4 v0x562fee8c8850_0, 0;
    %pushi/vec4 4, 0, 3;
    %assign/vec4 v0x562fee8c8d80_0, 0;
    %jmp T_0.11;
T_0.10 ;
    %load/vec4 v0x562fee8c8d80_0;
    %cmpi/e 4, 0, 3;
    %jmp/0xz  T_0.12, 4;
    %load/vec4 v0x562fee8c8ca0_0;
    %cmpi/e 1, 0, 2;
    %jmp/0xz  T_0.14, 4;
    %pushi/vec4 0, 0, 3;
    %assign/vec4 v0x562fee8c8d80_0, 0;
T_0.14 ;
T_0.12 ;
T_0.11 ;
T_0.9 ;
T_0.5 ;
T_0.3 ;
    %load/vec4 v0x562fee8c8ca0_0;
    %parti/s 1, 0, 2;
    %load/vec4 v0x562fee8c8be0_0;
    %concat/vec4; draw_concat_vec4
    %assign/vec4 v0x562fee8c8ca0_0, 0;
T_0.1 ;
    %jmp T_0;
    .thread T_0;
    .scope S_0x562fee8ad8d0;
T_1 ;
    %pushi/vec4 0, 0, 1;
    %store/vec4 v0x562fee8c9520_0, 0, 1;
    %pushi/vec4 1, 0, 1;
    %store/vec4 v0x562fee8c9380_0, 0, 1;
    %pushi/vec4 220, 0, 9;
    %store/vec4 v0x562fee8c8f60_0, 0, 9;
    %pushi/vec4 0, 0, 1;
    %store/vec4 v0x562fee8c9040_0, 0, 1;
    %end;
    .thread T_1;
    .scope S_0x562fee8ad8d0;
T_2 ;
    %vpi_call 2 8 "$dumpfile", "map9v3_tb.vcd" {0 0 0};
    %vpi_call 2 9 "$dumpvars", 32'sb00000000000000000000000000000000, S_0x562fee8ad8d0 {0 0 0};
    %delay 100, 0;
    %pushi/vec4 1, 0, 1;
    %store/vec4 v0x562fee8c9380_0, 0, 1;
    %delay 5000, 0;
    %pushi/vec4 0, 0, 1;
    %store/vec4 v0x562fee8c9380_0, 0, 1;
    %delay 5000, 0;
    %pushi/vec4 1, 0, 1;
    %store/vec4 v0x562fee8c9520_0, 0, 1;
    %delay 5000, 0;
    %pushi/vec4 0, 0, 1;
    %store/vec4 v0x562fee8c9520_0, 0, 1;
    %delay 40000, 0;
    %pushi/vec4 1, 0, 1;
    %store/vec4 v0x562fee8c9520_0, 0, 1;
    %delay 5000, 0;
    %pushi/vec4 0, 0, 1;
    %store/vec4 v0x562fee8c9520_0, 0, 1;
    %delay 50000, 0;
    %vpi_call 2 17 "$finish" {0 0 0};
    %end;
    .thread T_2;
    .scope S_0x562fee8ad8d0;
T_3 ;
    %delay 100, 0;
    %load/vec4 v0x562fee8c9040_0;
    %nor/r;
    %store/vec4 v0x562fee8c9040_0, 0, 1;
    %jmp T_3;
    .thread T_3;
    .scope S_0x562fee8ad8d0;
T_4 ;
    %vpi_call 2 32 "$monitor", "At time %t, counter = %h (%0d), sr = %h (%0d), dp = %h (%0d)", $time, v0x562fee8c9110_0, v0x562fee8c9110_0, v0x562fee8c9450_0, v0x562fee8c9450_0, v0x562fee8c92e0_0, v0x562fee8c92e0_0 {0 0 0};
    %end;
    .thread T_4;
# The file index is used to find the file name in the following table.
:file_names 4;
    "N/A";
    "<interactive>";
    "map9v3_gates_tb.v";
    "map9v3.v";
